==297537== Memcheck, a memory error detector
==297537== Copyright (C) 2002-2017, and GNU GPL'd, by Julian Seward et al.
==297537== Using Valgrind-3.14.0 and LibVEX; rerun with -h for copyright info
==297537== Command: /share/intel/2018u4/compilers_and_libraries_2018.5.274/linux/mpi/intel64/bin/mpirun ./implicit_euler.out
==297537== 
==297539== 
==297539== HEAP SUMMARY:
==297539==     in use at exit: 54,007 bytes in 1,191 blocks
==297539==   total heap usage: 1,744 allocs, 553 frees, 90,838 bytes allocated
==297539== 
==297539== LEAK SUMMARY:
==297539==    definitely lost: 0 bytes in 0 blocks
==297539==    indirectly lost: 0 bytes in 0 blocks
==297539==      possibly lost: 0 bytes in 0 blocks
==297539==    still reachable: 54,007 bytes in 1,191 blocks
==297539==         suppressed: 0 bytes in 0 blocks
==297539== Rerun with --leak-check=full to see details of leaked memory
==297539== 
==297539== For counts of detected and suppressed errors, rerun with: -v
==297539== ERROR SUMMARY: 0 errors from 0 contexts (suppressed: 0 from 0)
  0.00000000
  0.00318258
  0.00636201
  0.00953517
  0.01269891
  0.01585013
  0.01898570
  0.02210253
  0.02519755
  0.02826771
  0.03130997
  0.03432133
  0.03729882
  0.04023949
  0.04314046
  0.04599885
  0.04881185
  0.05157668
  0.05429061
  0.05695095
  0.05955510
  0.06210047
  0.06458455
  0.06700490
  0.06935912
  0.07164490
  0.07385996
  0.07600214
  0.07806931
  0.08005944
  0.08197056
  0.08380078
  0.08554830
  0.08721140
  0.08878843
  0.09027784
  0.09167815
  0.09298798
  0.09420605
  0.09533115
  0.09636217
  0.09729809
  0.09813799
  0.09888104
  0.09952651
  0.10007375
  0.10052224
  0.10087152
  0.10112125
  0.10127119
  0.10132118
  0.10127119
  0.10112125
  0.10087152
  0.10052224
  0.10007375
  0.09952651
  0.09888104
  0.09813799
  0.09729809
  0.09636217
  0.09533115
  0.09420605
  0.09298798
  0.09167815
  0.09027784
  0.08878843
  0.08721140
  0.08554830
  0.08380078
  0.08197056
  0.08005944
  0.07806931
  0.07600214
  0.07385996
  0.07164490
  0.06935912
  0.06700490
  0.06458455
  0.06210047
  0.05955510
  0.05695095
  0.05429061
  0.05157668
  0.04881185
  0.04599885
  0.04314046
  0.04023949
  0.03729882
  0.03432133
  0.03130997
  0.02826771
  0.02519755
  0.02210253
  0.01898570
  0.01585013
  0.01269891
  0.00953517
  0.00636201
  0.00318258
  0.00000000
Vec Object: 1 MPI processes
  type: seq
0.
3.14108e-07
6.27905e-07
9.41083e-07
1.25333e-06
1.56434e-06
1.87381e-06
2.18143e-06
2.4869e-06
2.78991e-06
3.09017e-06
3.38738e-06
3.68125e-06
3.97148e-06
4.25779e-06
4.5399e-06
4.81754e-06
5.09041e-06
5.35827e-06
5.62083e-06
5.87785e-06
6.12907e-06
6.37424e-06
6.61312e-06
6.84547e-06
7.07107e-06
7.28969e-06
7.50111e-06
7.70513e-06
7.90155e-06
8.09017e-06
8.27081e-06
8.44328e-06
8.60742e-06
8.76307e-06
8.91007e-06
9.04827e-06
9.17755e-06
9.29776e-06
9.40881e-06
9.51057e-06
9.60294e-06
9.68583e-06
9.75917e-06
9.82287e-06
9.87688e-06
9.92115e-06
9.95562e-06
9.98027e-06
9.99507e-06
1e-05
9.99507e-06
9.98027e-06
9.95562e-06
9.92115e-06
9.87688e-06
9.82287e-06
9.75917e-06
9.68583e-06
9.60294e-06
9.51057e-06
9.40881e-06
9.29776e-06
9.17755e-06
9.04827e-06
8.91007e-06
8.76307e-06
8.60742e-06
8.44328e-06
8.27081e-06
8.09017e-06
7.90155e-06
7.70513e-06
7.50111e-06
7.28969e-06
7.07107e-06
6.84547e-06
6.61312e-06
6.37424e-06
6.12907e-06
5.87785e-06
5.62083e-06
5.35827e-06
5.09041e-06
4.81754e-06
4.5399e-06
4.25779e-06
3.97148e-06
3.68125e-06
3.38738e-06
3.09017e-06
2.78991e-06
2.4869e-06
2.18143e-06
1.87381e-06
1.56434e-06
1.25333e-06
9.41083e-07
6.27905e-07
3.14108e-07
0.
Vec Object: 1 MPI processes
  type: seq
0.
1.01005
1.0202
1.03045
1.04081
1.05127
1.06184
1.07251
1.08329
1.09417
1.10517
1.11628
1.1275
1.13883
1.15027
1.16183
1.17351
1.1853
1.19722
1.20925
1.2214
1.23368
1.24608
1.2586
1.27125
1.28403
1.29693
1.30996
1.32313
1.33643
1.34986
1.36343
1.37713
1.39097
1.40495
1.41907
1.43333
1.44773
1.46228
1.47698
1.49182
1.50682
1.52196
1.53726
1.55271
1.56831
1.58407
1.59999
1.61607
1.63232
1.64872
1.66529
1.68203
1.69893
1.71601
1.73325
1.75067
1.76827
1.78604
1.80399
1.82212
1.84043
1.85893
1.87761
1.89648
1.91554
1.93479
1.95424
1.97388
1.99372
2.01375
2.03399
2.05443
2.07508
2.09594
2.117
2.13828
2.15977
2.18147
2.2034
2.22554
2.24791
2.2705
2.29332
2.31637
2.33965
2.36316
2.38691
2.4109
2.43513
2.4596
2.48432
2.50929
2.53451
2.55998
2.58571
2.6117
2.63794
2.66446
2.69123
0.
Vec Object: 1 MPI processes
  type: seq
0.
0.00347202
0.00665156
0.00982483
0.0129887
0.0161402
0.0192761
0.0223932
0.0254885
0.0285589
0.0316015
0.0346131
0.0375909
0.0405318
0.043433
0.0462917
0.0491049
0.05187
0.0545842
0.0572448
0.0598492
0.0623948
0.0648791
0.0672997
0.0696541
0.0719401
0.0741553
0.0762977
0.0783651
0.0803554
0.0822667
0.0840971
0.0858447
0.087508
0.0890852
0.0905747
0.0919751
0.0932851
0.0945033
0.0956285
0.0966596
0.0975956
0.0984356
0.0991787
0.0998242
0.100372
0.10082
0.101169
0.101419
0.101569
0.101619
0.101569
0.101419
0.101169
0.10082
0.100372
0.0998242
0.0991787
0.0984356
0.0975956
0.0966596
0.0956285
0.0945033
0.0932851
0.0919751
0.0905747
0.0890852
0.087508
0.0858447
0.0840971
0.0822667
0.0803554
0.0783651
0.0762977
0.0741553
0.0719401
0.0696541
0.0672997
0.0648791
0.0623948
0.0598492
0.0572448
0.0545842
0.05187
0.0491049
0.0462917
0.043433
0.0405318
0.0375909
0.0346131
0.0316015
0.0285589
0.0254885
0.0223932
0.0192761
0.0161402
0.0129887
0.00982483
0.00665156
0.00347202
0.
error = 0.00029788
==297559== 
==297559== HEAP SUMMARY:
==297559==     in use at exit: 56,339 bytes in 1,279 blocks
==297559==   total heap usage: 3,484 allocs, 2,205 frees, 143,853 bytes allocated
==297559== 
==297559== LEAK SUMMARY:
==297559==    definitely lost: 10 bytes in 1 blocks
==297559==    indirectly lost: 0 bytes in 0 blocks
==297559==      possibly lost: 0 bytes in 0 blocks
==297559==    still reachable: 56,329 bytes in 1,278 blocks
==297559==         suppressed: 0 bytes in 0 blocks
==297559== Rerun with --leak-check=full to see details of leaked memory
==297559== 
==297559== For counts of detected and suppressed errors, rerun with: -v
==297559== ERROR SUMMARY: 0 errors from 0 contexts (suppressed: 0 from 0)
==297537== 
==297537== HEAP SUMMARY:
==297537==     in use at exit: 59,778 bytes in 1,264 blocks
==297537==   total heap usage: 3,767 allocs, 2,503 frees, 149,960 bytes allocated
==297537== 
==297537== LEAK SUMMARY:
==297537==    definitely lost: 0 bytes in 0 blocks
==297537==    indirectly lost: 0 bytes in 0 blocks
==297537==      possibly lost: 0 bytes in 0 blocks
==297537==    still reachable: 59,778 bytes in 1,264 blocks
==297537==         suppressed: 0 bytes in 0 blocks
==297537== Rerun with --leak-check=full to see details of leaked memory
==297537== 
==297537== For counts of detected and suppressed errors, rerun with: -v
==297537== ERROR SUMMARY: 0 errors from 0 contexts (suppressed: 0 from 0)
